<?xml version="1.0" encoding="UTF-8"?>
<testng-results skipped="0" failed="0" ignored="0" total="1" passed="1">
  <reporter-output>
  </reporter-output>
  <suite name="Command line suite" duration-ms="14703" started-at="2020-05-11T15:53:08Z" finished-at="2020-05-11T15:53:23Z">
    <groups>
    </groups>
    <test name="Command line test" duration-ms="14703" started-at="2020-05-11T15:53:08Z" finished-at="2020-05-11T15:53:23Z">
      <class name="CalculatorTest">
        <test-method status="PASS" signature="setUp()[pri:0, instance:CalculatorTest@396a51ab]" name="setUp" is-config="true" duration-ms="11058" started-at="2020-05-11T15:53:08Z" finished-at="2020-05-11T15:53:19Z">
          <reporter-output>
          </reporter-output>
        </test-method> <!-- setUp -->
        <test-method status="PASS" signature="testSumOfPositiveNumbers()[pri:0, instance:CalculatorTest@396a51ab]" name="testSumOfPositiveNumbers" duration-ms="3586" started-at="2020-05-11T15:53:19Z" finished-at="2020-05-11T15:53:23Z">
          <reporter-output>
          </reporter-output>
        </test-method> <!-- testSumOfPositiveNumbers -->
      </class> <!-- CalculatorTest -->
    </test> <!-- Command line test -->
  </suite> <!-- Command line suite -->
</testng-results>
